<?xml version="1.0" encoding="UTF-8"?>
<!-- Generated by org.testng.reporters.JUnitReportReporter -->
<testsuite skipped="0" hostname="sonias-MacBook-Pro.local" name="com.prestashop.tests.PositiveScenarios" tests="1" failures="0" timestamp="22 Jun 2018 04:14:06 GMT" time="12.908" errors="0">
  <testcase name="loginTest" time="12.908" classname="com.prestashop.tests.PositiveScenarios"/>
</testsuite> <!-- com.prestashop.tests.PositiveScenarios -->
