<?xml version="1.0" encoding="UTF-8"?>
<!-- Generated by org.testng.reporters.JUnitReportReporter -->
<testsuite skipped="0" hostname="sonias-MacBook-Pro.local" name="com.prestashop.tests.NegativeScenarios" tests="4" failures="0" timestamp="22 Jun 2018 02:21:12 GMT" time="21.821" errors="0">
  <testcase name="blankEmailAddress" time="7.376" classname="com.prestashop.tests.NegativeScenarios"/>
  <testcase name="wrongCredentialsTest" time="4.946" classname="com.prestashop.tests.NegativeScenarios"/>
  <testcase name="blankPasswordTest" time="4.980" classname="com.prestashop.tests.NegativeScenarios"/>
  <testcase name="invalidEmailTest" time="4.519" classname="com.prestashop.tests.NegativeScenarios"/>
</testsuite> <!-- com.prestashop.tests.NegativeScenarios -->
